timestamp: 2014-12-30T01:07:06.743167
CREATE TABLE auth_user(
    id INTEGER PRIMARY KEY AUTOINCREMENT,
    first_name CHAR(128),
    last_name CHAR(128),
    email CHAR(512),
    password CHAR(512),
    registration_key CHAR(512),
    reset_password_key CHAR(512),
    registration_id CHAR(512)
);
success!
timestamp: 2014-12-30T01:07:06.746210
CREATE TABLE auth_group(
    id INTEGER PRIMARY KEY AUTOINCREMENT,
    role CHAR(512),
    description TEXT
);
success!
timestamp: 2014-12-30T01:07:06.749052
CREATE TABLE auth_membership(
    id INTEGER PRIMARY KEY AUTOINCREMENT,
    user_id INTEGER REFERENCES auth_user (id) ON DELETE CASCADE,
    group_id INTEGER REFERENCES auth_group (id) ON DELETE CASCADE
);
success!
timestamp: 2014-12-30T01:07:06.751881
CREATE TABLE auth_permission(
    id INTEGER PRIMARY KEY AUTOINCREMENT,
    group_id INTEGER REFERENCES auth_group (id) ON DELETE CASCADE,
    name CHAR(512),
    table_name CHAR(512),
    record_id INTEGER
);
success!
timestamp: 2014-12-30T01:07:06.754913
CREATE TABLE auth_event(
    id INTEGER PRIMARY KEY AUTOINCREMENT,
    time_stamp TIMESTAMP,
    client_ip CHAR(512),
    user_id INTEGER REFERENCES auth_user (id) ON DELETE CASCADE,
    origin CHAR(512),
    description TEXT
);
success!
timestamp: 2014-12-30T01:07:06.757573
CREATE TABLE auth_cas(
    id INTEGER PRIMARY KEY AUTOINCREMENT,
    user_id INTEGER REFERENCES auth_user (id) ON DELETE CASCADE,
    created_on TIMESTAMP,
    service CHAR(512),
    ticket CHAR(512),
    renew CHAR(1)
);
success!
timestamp: 2014-12-30T01:07:06.759844
CREATE TABLE Seller(
    id INTEGER PRIMARY KEY AUTOINCREMENT,
    phonenumber CHAR(512)
);
success!
timestamp: 2014-12-30T01:07:06.762028
CREATE TABLE Buyer(
    id INTEGER PRIMARY KEY AUTOINCREMENT,
    email CHAR(512),
    name CHAR(512)
);
success!
timestamp: 2014-12-30T01:08:19.698711
CREATE TABLE mytable(
    id INTEGER PRIMARY KEY AUTOINCREMENT,
    myfield CHAR(512)
);
success!
timestamp: 2014-12-30T01:08:19.705656
CREATE TABLE crop(
    id INTEGER PRIMARY KEY AUTOINCREMENT,
    cropName CHAR(512)
);
success!
timestamp: 2014-12-30T01:20:18.879884
CREATE TABLE item(
    id INTEGER PRIMARY KEY AUTOINCREMENT,
    unit_price DOUBLE
);
success!
timestamp: 2014-12-30T01:20:18.882464
CREATE TABLE order_item(
    id INTEGER PRIMARY KEY AUTOINCREMENT,
    item INTEGER REFERENCES item (id) ON DELETE CASCADE,
    quantity INTEGER
);
success!
timestamp: 2014-12-30T01:24:00.630929
CREATE TABLE SupplyList(
    id INTEGER PRIMARY KEY AUTOINCREMENT,
    Price DOUBLE,
    tstamp DATE,
    loc CHAR(512),
    seller_id INTEGER REFERENCES Seller (id) ON DELETE CASCADE,
    crop_id INTEGER REFERENCES crop (id) ON DELETE CASCADE
);
success!
timestamp: 2014-12-30T01:25:10.409204
CREATE TABLE DemandList(
    id INTEGER PRIMARY KEY AUTOINCREMENT,
    MaxPrice DOUBLE,
    tstamp DATE,
    buyer_id INTEGER REFERENCES Buyer (id) ON DELETE CASCADE,
    crop_id INTEGER REFERENCES crop (id) ON DELETE CASCADE
);
success!
DELETE FROM crop;
DELETE FROM sqlite_sequence WHERE name='crop';
success!
